<?xml version="1.0" encoding="UTF-8"?>
<!-- Generated by org.testng.reporters.JUnitReportReporter -->
<testsuite skipped="0" hostname="SILICUS339" name="vacancyPageTest" tests="1" failures="0" timestamp="10 Oct 2017 12:23:39 GMT" time="14.338" errors="0">
  <testcase name="addJobVacancyAndVerify" time="14.338" classname="vacancyPageTest"/>
</testsuite> <!-- vacancyPageTest -->
