<?xml version="1.0" encoding="UTF-8"?>
<!-- Generated by org.testng.reporters.JUnitReportReporter -->
<testsuite skipped="0" hostname="SILICUS339" name="TestClasses.TestCases" tests="3" failures="0" timestamp="30 Oct 2017 11:31:06 GMT" time="39.298" errors="0">
  <testcase name="loginWithInCorrectCredential" time="10.181" classname="TestClasses.TestCases"/>
  <testcase name="verifyVacanciesPagesIsDisplayed" time="15.775" classname="TestClasses.TestCases"/>
  <testcase name="printGeneralIformation" time="13.342" classname="TestClasses.TestCases"/>
</testsuite> <!-- TestClasses.TestCases -->
