<?xml version="1.0" encoding="UTF-8"?>
<!-- Generated by org.testng.reporters.JUnitReportReporter -->
<testsuite skipped="0" hostname="SILICUS339" name="TestClasses.vacancyPageTest" tests="1" failures="0" timestamp="11 Oct 2017 06:03:29 GMT" time="21.224" errors="0">
  <testcase name="addJobVacancyAndVerify" time="21.224" classname="TestClasses.vacancyPageTest"/>
</testsuite> <!-- TestClasses.vacancyPageTest -->
