<?xml version="1.0" encoding="UTF-8"?>
<!-- Generated by org.testng.reporters.JUnitReportReporter -->
<testsuite skipped="0" hostname="SILICUS339" name="TestClasses.TestCases" tests="3" failures="0" timestamp="25 Oct 2017 12:25:31 GMT" time="37.323" errors="0">
  <testcase name="loginWithInCorrectCredential" time="10.987" classname="TestClasses.TestCases"/>
  <testcase name="verifyVacanciesPagesIsDisplayed" time="12.765" classname="TestClasses.TestCases"/>
  <testcase name="printGeneralIformation" time="13.571" classname="TestClasses.TestCases"/>
</testsuite> <!-- TestClasses.TestCases -->
