<?xml version="1.0" encoding="UTF-8"?>
<!-- Generated by org.testng.reporters.JUnitReportReporter -->
<testsuite skipped="0" hostname="SILICUS339" name="TestClasses.AddJobVacancyTest" tests="1" failures="0" timestamp="11 Oct 2017 10:18:56 GMT" time="18.646" errors="0">
  <testcase name="addJobVacancyAndVerify" time="18.646" classname="TestClasses.AddJobVacancyTest"/>
</testsuite> <!-- TestClasses.AddJobVacancyTest -->
